0 silly argv {
0 silly argv   _: [ 'publish' ],
0 silly argv   composed: 'publish',
0 silly argv   lernaVersion: '8.1.2',
0 silly argv   '$0': 'node_modules\\lerna\\dist\\cli.js'
0 silly argv }
1 notice cli v8.1.2
2 verbose packageConfigs Resolving packages based on package.json "workspaces" configuration.
3 verbose rootPath E:\frontend\css\scss_setup
4 verbose session 5839c78464a5cae6
5 verbose user-agent lerna/8.1.2/node@v18.15.0+x64 (win32)
6 silly argv { _: [ 'publish' ], composed: 'publish', lernaVersion: '8.1.2' }
7 verbose packageConfigs Resolving packages based on package.json "workspaces" configuration.
8 verbose rootPath E:\frontend\css\scss_setup
9 info current version 0.1.0
10 silly isAnythingCommitted
11 verbose isAnythingCommitted 1
12 silly getCurrentBranch
13 verbose currentBranch main
14 silly remoteBranchExists
15 silly isBehindUpstream
16 silly isBehindUpstream main is behind origin/main by 0 commit(s) and ahead by 0
17 silly hasTags
18 verbose hasTags true
19 silly git-describe.sync "v0.1.0-1-gdd2bb39" => {"lastTagName":"v0.1.0","lastVersion":"v0.1.0","refCount":"1","sha":"dd2bb39","isDirty":false}
20 info Looking for changed packages since v0.1.0
21 silly checking diff packages/foundation
22 silly found diff in packages/foundation/package.json
23 verbose filtered diff [ 'packages/foundation/package.json' ]
24 silly checking diff packages/react
25 silly found diff in packages/react/package.json
26 verbose filtered diff [ 'packages/react/package.json' ]
27 silly checking diff packages/scss
28 silly found diff in packages/scss/package.json
29 verbose filtered diff [ 'packages/scss/package.json' ]
30 silly checking diff playgrounds/react
31 silly no diff found in @playgrounds/react
32 verbose updated @bigfarm/foundation
33 verbose updated @bigfarm/react
34 verbose updated @bigfarm/scss
35 verbose git-describe undefined => "v0.1.0-1-gdd2bb39"
36 silly git-describe parsed => {"lastTagName":"v0.1.0","lastVersion":"v0.1.0","refCount":"1","sha":"dd2bb39","isDirty":false}
37 info execute Skipping releases
38 silly lifecycle No script for "preversion" in "scss_setup", continuing
39 silly lifecycle No script for "preversion" in "@bigfarm/foundation", continuing
40 silly lifecycle No script for "preversion" in "@bigfarm/react", continuing
41 silly lifecycle No script for "preversion" in "@bigfarm/scss", continuing
42 silly lifecycle No script for "preversion" in "@playgrounds/react", continuing
43 verbose version @bigfarm/react has no lockfile. Skipping lockfile update.
44 verbose version @bigfarm/foundation has no lockfile. Skipping lockfile update.
45 verbose version @playgrounds/react has no lockfile. Skipping lockfile update.
46 verbose version @bigfarm/scss has no lockfile. Skipping lockfile update.
47 silly lifecycle No script for "version" in "@bigfarm/react", continuing
48 silly lifecycle No script for "version" in "@bigfarm/scss", continuing
49 silly lifecycle No script for "version" in "@playgrounds/react", continuing
50 silly lifecycle No script for "version" in "@bigfarm/foundation", continuing
51 silly lifecycle No script for "version" in "scss_setup", continuing
52 verbose version Detected yarn version 4.1.0
53 verbose version Updating root yarn.lock
54 silly gitAdd [
54 silly gitAdd   'packages/react/package.json',
54 silly gitAdd   'packages/scss/package.json',
54 silly gitAdd   'playgrounds/react/package.json',
54 silly gitAdd   'packages/foundation/package.json',
54 silly gitAdd   'lerna.json',
54 silly gitAdd   'yarn.lock'
54 silly gitAdd ]
55 silly gitCommit v1.0.0
56 verbose git [ 'commit', '-m', 'v1.0.0' ]
57 silly gitTag v1.0.0 git tag %s -m %s
58 verbose git [ 'tag', 'v1.0.0', '-m', 'v1.0.0' ]
59 silly lifecycle No script for "postversion" in "@bigfarm/foundation", continuing
60 silly lifecycle No script for "postversion" in "@bigfarm/react", continuing
61 silly lifecycle No script for "postversion" in "@bigfarm/scss", continuing
62 silly lifecycle No script for "postversion" in "@playgrounds/react", continuing
63 silly lifecycle No script for "postversion" in "scss_setup", continuing
64 info git Pushing tags...
65 silly gitPush origin main
66 info publish Publishing packages to npm...
67 silly getCurrentSHA
68 verbose getCurrentSHA 1e968abec5e267be425a7545ca6f0c1aa689231b
69 silly lifecycle No script for "prepublish" in "scss_setup", continuing
70 silly lifecycle No script for "prepare" in "scss_setup", continuing
71 silly lifecycle No script for "prepublishOnly" in "scss_setup", continuing
72 silly lifecycle No script for "prepack" in "scss_setup", continuing
73 verbose pack-directory packages\foundation
74 verbose pack-directory packages\react
75 verbose pack-directory packages\scss
76 silly lifecycle No script for "prepublish" in "@bigfarm/foundation", continuing
77 silly lifecycle No script for "prepublish" in "@bigfarm/react", continuing
78 silly lifecycle No script for "prepublish" in "@bigfarm/scss", continuing
79 silly lifecycle No script for "prepare" in "@bigfarm/foundation", continuing
80 silly lifecycle No script for "prepare" in "@bigfarm/react", continuing
81 silly lifecycle No script for "prepare" in "@bigfarm/scss", continuing
82 silly lifecycle No script for "prepublishOnly" in "@bigfarm/foundation", continuing
83 silly lifecycle No script for "prepublishOnly" in "@bigfarm/react", continuing
84 silly lifecycle No script for "prepublishOnly" in "@bigfarm/scss", continuing
85 silly lifecycle No script for "prepack" in "@bigfarm/react", continuing
86 silly lifecycle No script for "prepack" in "@bigfarm/foundation", continuing
87 silly lifecycle No script for "prepack" in "@bigfarm/scss", continuing
88 silly lifecycle No script for "postpack" in "@bigfarm/scss", continuing
89 verbose packed packages\scss
90 silly lifecycle No script for "postpack" in "@bigfarm/foundation", continuing
91 verbose packed packages\foundation
92 silly lifecycle No script for "postpack" in "@bigfarm/react", continuing
93 verbose packed packages\react
94 silly lifecycle No script for "postpack" in "scss_setup", continuing
95 verbose publish @bigfarm/foundation
96 verbose publish @bigfarm/react
97 verbose publish @bigfarm/scss
98 warn publish Package is already published: @bigfarm/foundation@1.0.0
99 warn publish Package is already published: @bigfarm/react@1.0.0
100 silly FetchError: request to https://registry.npmjs.org/@bigfarm%2fscss failed, reason: socket hang up
100 silly     at ClientRequest.<anonymous> (E:\frontend\css\scss_setup\node_modules\minipass-fetch\lib\index.js:130:14)
100 silly     at ClientRequest.emit (node:events:513:28)
100 silly     at TLSSocket.socketOnEnd (node:_http_client:526:9)
100 silly     at TLSSocket.emit (node:events:525:35)
100 silly     at endReadableNT (node:internal/streams/readable:1359:12)
100 silly     at process.processTicksAndRejections (node:internal/process/task_queues:82:21)
100 silly  FetchError: request to https://registry.npmjs.org/@bigfarm%2fscss failed, reason: socket hang up
100 silly     at ClientRequest.<anonymous> (E:\frontend\css\scss_setup\node_modules\minipass-fetch\lib\index.js:130:14)
100 silly     at ClientRequest.emit (node:events:513:28)
100 silly     at TLSSocket.socketOnEnd (node:_http_client:526:9)
100 silly     at TLSSocket.emit (node:events:525:35)
100 silly     at endReadableNT (node:internal/streams/readable:1359:12)
100 silly     at process.processTicksAndRejections (node:internal/process/task_queues:82:21) {
100 silly   code: 'ECONNRESET',
100 silly   errno: 'ECONNRESET',
100 silly   type: 'system'
100 silly }
101 warn notice Package failed to publish: @bigfarm/scss
102 error ECONNRESET request to https://registry.npmjs.org/@bigfarm%2fscss failed, reason: socket hang up
103 error errno "ECONNRESET" is not a valid exit code - exiting with code 1
104 error FetchError: request to https://registry.npmjs.org/@bigfarm%2fscss failed, reason: socket hang up
104 error     at ClientRequest.<anonymous> (E:\frontend\css\scss_setup\node_modules\minipass-fetch\lib\index.js:130:14)
104 error     at ClientRequest.emit (node:events:513:28)
104 error     at TLSSocket.socketOnEnd (node:_http_client:526:9)
104 error     at TLSSocket.emit (node:events:525:35)
104 error     at endReadableNT (node:internal/streams/readable:1359:12)
